<?xml version="1.0" encoding="UTF-8"?>
<!-- Generated by org.testng.reporters.JUnitReportReporter -->
<testsuite hostname="LAPTOP-JEUIMJHJ" name="myApp.test.TestCase2" tests="1" failures="0" timestamp="20 Jun 2022 12:00:47 GMT" time="0.000" errors="0">
  <testcase name="Test2" time="0.000" classname="myApp.test.TestCase2"/>
</testsuite> <!-- myApp.test.TestCase2 -->
